{"/Users/pardhunamburi/Documents/GitHub/meet/src/App.js": {"path":"/Users/pardhunamburi/Documents/GitHub/meet/src/App.js","statementMap":{"0":{"start":{"line":7,"column":10},"end":{"line":9,"column":3}},"1":{"start":{"line":12,"column":4},"end":{"line":15,"column":33}},"2":{"start":{"line":13,"column":20},"end":{"line":13,"column":35}},"3":{"start":{"line":14,"column":22},"end":{"line":14,"column":44}},"4":{"start":{"line":15,"column":16},"end":{"line":15,"column":32}},"5":{"start":{"line":18,"column":4},"end":{"line":22,"column":6}}},"fnMap":{"0":{"name":"(anonymous_0)","decl":{"start":{"line":11,"column":2},"end":{"line":11,"column":3}},"loc":{"start":{"line":11,"column":21},"end":{"line":16,"column":3}},"line":11},"1":{"name":"(anonymous_1)","decl":{"start":{"line":13,"column":10},"end":{"line":13,"column":11}},"loc":{"start":{"line":13,"column":20},"end":{"line":13,"column":35}},"line":13},"2":{"name":"(anonymous_2)","decl":{"start":{"line":14,"column":10},"end":{"line":14,"column":11}},"loc":{"start":{"line":14,"column":20},"end":{"line":14,"column":46}},"line":14},"3":{"name":"(anonymous_3)","decl":{"start":{"line":15,"column":11},"end":{"line":15,"column":12}},"loc":{"start":{"line":15,"column":16},"end":{"line":15,"column":32}},"line":15},"4":{"name":"(anonymous_4)","decl":{"start":{"line":17,"column":2},"end":{"line":17,"column":3}},"loc":{"start":{"line":17,"column":11},"end":{"line":23,"column":3}},"line":17}},"branchMap":{},"s":{"0":1,"1":1,"2":0,"3":0,"4":0,"5":1},"f":{"0":1,"1":0,"2":0,"3":0,"4":1},"b":{},"_coverageSchema":"1a1c01bbd47fc00a2c39e90264f33305004495a9","hash":"770d839f807fff8aa775deb58fdce858ebca5155"}
}
